<?xml version="1.0" encoding="UTF-8"?>
<!-- Generated by org.testng.reporters.JUnitXMLReporter -->
<testsuite hostname="DBS-NOTE-228" ignored="0" name="Default test" tests="7" failures="0" timestamp="2020-05-02T18:43:35 BRT" time="90.333" errors="0">
  <testcase name="pesquisaNoGoogle" time="1.731" classname="testng.GoogleSearchTests"/>
  <testcase name="pesquisaNoGoogle" time="1.802" classname="testng.GoogleSearchTests"/>
  <testcase name="pesquisaNoGoogle" time="1.905" classname="testng.GoogleSearchTests"/>
  <testcase name="pesquisaNoGoogle" time="1.777" classname="testng.GoogleSearchTests"/>
  <testcase name="pesquisaNoGoogle" time="1.789" classname="testng.GoogleSearchTests"/>
  <testcase name="pesquisaNoGoogle" time="1.941" classname="testng.GoogleSearchTests"/>
  <testcase name="pesquisaNoGoogle" time="1.927" classname="testng.GoogleSearchTests"/>
</testsuite> <!-- Default test -->
